<?xml version="1.0" encoding="UTF-8"?>
<!-- Generated by org.testng.reporters.JUnitXMLReporter -->
<testsuite ignored="1" hostname="HKs-Dell" failures="0" tests="2" name="Default test" time="45.135" errors="0" timestamp="2023-06-02T12:20:00 IST">
  <testcase classname="hariKrishna.DataDriven.DataDriven" name="datahashTest" time="14.225"/>
  <testcase classname="hariKrishna.DataDriven.DataDriven" name="datahashTest" time="20.652"/>
  <testcase classname="hariKrishna.DataDriven.DataDriven" name="dataTest" time="0.0">
    <ignored/>
  </testcase> <!-- dataTest -->
</testsuite> <!-- Default test -->
