<?xml version="1.0" encoding="UTF-8"?>
<!-- Generated by org.testng.reporters.JUnitXMLReporter -->
<testsuite ignored="0" hostname="HKs-Dell" failures="0" tests="4" name="Default test" time="107.5" errors="0" timestamp="2023-06-02T17:09:44 IST">
  <testcase classname="hariKrishna.DataDriven.SqlData" name="dataTest" time="21.259"/>
  <testcase classname="hariKrishna.DataDriven.SqlData" name="dataTest" time="21.796"/>
  <testcase classname="hariKrishna.DataDriven.SqlData" name="dataTest" time="21.478"/>
  <testcase classname="hariKrishna.DataDriven.SqlData" name="dataTest" time="21.838"/>
</testsuite> <!-- Default test -->
