<?xml version="1.0" encoding="UTF-8"?>
<testng-results ignored="1" total="3" passed="2" failed="0" skipped="0">
  <reporter-output>
  </reporter-output>
  <suite started-at="2023-06-02T12:19:15 IST" name="Default suite" finished-at="2023-06-02T12:20:00 IST" duration-ms="45135">
    <groups>
    </groups>
    <test started-at="2023-06-02T12:19:15 IST" name="Default test" finished-at="2023-06-02T12:20:00 IST" duration-ms="45135">
      <class name="hariKrishna.DataDriven.DataDriven">
        <test-method is-config="true" signature="launch()[pri:0, instance:hariKrishna.DataDriven.DataDriven@4d0f2471]" started-at="2023-06-02T12:19:15 IST" name="launch" finished-at="2023-06-02T12:19:22 IST" duration-ms="6306" status="PASS">
          <reporter-output>
          </reporter-output>
        </test-method> <!-- launch -->
        <test-method signature="datahashTest(java.lang.String,java.lang.String)[pri:0, instance:hariKrishna.DataDriven.DataDriven@4d0f2471]" started-at="2023-06-02T12:19:22 IST" name="datahashTest" data-provider="hash" finished-at="2023-06-02T12:19:36 IST" duration-ms="14225" status="PASS">
          <params>
            <param index="0">
              <value>
                <![CDATA[hk@email.com]]>
              </value>
            </param>
            <param index="1">
              <value>
                <![CDATA[21968432132]]>
              </value>
            </param>
          </params>
          <reporter-output>
          </reporter-output>
        </test-method> <!-- datahashTest -->
        <test-method is-config="true" signature="close()[pri:0, instance:hariKrishna.DataDriven.DataDriven@4d0f2471]" started-at="2023-06-02T12:19:36 IST" name="close" finished-at="2023-06-02T12:19:36 IST" duration-ms="216" status="PASS">
          <reporter-output>
          </reporter-output>
        </test-method> <!-- close -->
        <test-method is-config="true" signature="launch()[pri:0, instance:hariKrishna.DataDriven.DataDriven@4d0f2471]" started-at="2023-06-02T12:19:36 IST" name="launch" finished-at="2023-06-02T12:19:39 IST" duration-ms="3313" status="PASS">
          <reporter-output>
          </reporter-output>
        </test-method> <!-- launch -->
        <test-method signature="datahashTest(java.lang.String,java.lang.String)[pri:0, instance:hariKrishna.DataDriven.DataDriven@4d0f2471]" started-at="2023-06-02T12:19:39 IST" name="datahashTest" data-provider="hash" finished-at="2023-06-02T12:20:00 IST" duration-ms="20652" status="PASS">
          <params>
            <param index="0">
              <value>
                <![CDATA[51hk@email.com]]>
              </value>
            </param>
            <param index="1">
              <value>
                <![CDATA[2346468432132]]>
              </value>
            </param>
          </params>
          <reporter-output>
          </reporter-output>
        </test-method> <!-- datahashTest -->
        <test-method is-config="true" signature="close()[pri:0, instance:hariKrishna.DataDriven.DataDriven@4d0f2471]" started-at="2023-06-02T12:20:00 IST" name="close" finished-at="2023-06-02T12:20:00 IST" duration-ms="271" status="PASS">
          <reporter-output>
          </reporter-output>
        </test-method> <!-- close -->
      </class> <!-- hariKrishna.DataDriven.DataDriven -->
    </test> <!-- Default test -->
  </suite> <!-- Default suite -->
</testng-results>
