<?xml version="1.0" encoding="UTF-8"?>
<testng-results ignored="0" total="4" passed="4" failed="0" skipped="0">
  <reporter-output>
  </reporter-output>
  <suite started-at="2023-06-02T17:07:56 IST" name="Default suite" finished-at="2023-06-02T17:09:44 IST" duration-ms="107500">
    <groups>
    </groups>
    <test started-at="2023-06-02T17:07:56 IST" name="Default test" finished-at="2023-06-02T17:09:44 IST" duration-ms="107500">
      <class name="hariKrishna.DataDriven.SqlData">
        <test-method is-config="true" signature="launch()[pri:0, instance:hariKrishna.DataDriven.SqlData@1a18644]" started-at="2023-06-02T17:07:58 IST" name="launch" finished-at="2023-06-02T17:08:06 IST" duration-ms="7434" status="PASS">
          <reporter-output>
          </reporter-output>
        </test-method> <!-- launch -->
        <test-method signature="dataTest(java.lang.String,java.lang.String)[pri:0, instance:hariKrishna.DataDriven.SqlData@1a18644]" started-at="2023-06-02T17:08:06 IST" name="dataTest" data-provider="sql" finished-at="2023-06-02T17:08:27 IST" duration-ms="21259" status="PASS">
          <params>
            <param index="0">
              <value>
                <![CDATA[hk@email.com]]>
              </value>
            </param>
            <param index="1">
              <value>
                <![CDATA[A@rtgsvbvn]]>
              </value>
            </param>
          </params>
          <reporter-output>
          </reporter-output>
        </test-method> <!-- dataTest -->
        <test-method is-config="true" signature="close()[pri:0, instance:hariKrishna.DataDriven.SqlData@1a18644]" started-at="2023-06-02T17:08:27 IST" name="close" finished-at="2023-06-02T17:08:27 IST" duration-ms="226" status="PASS">
          <reporter-output>
          </reporter-output>
        </test-method> <!-- close -->
        <test-method is-config="true" signature="launch()[pri:0, instance:hariKrishna.DataDriven.SqlData@1a18644]" started-at="2023-06-02T17:08:27 IST" name="launch" finished-at="2023-06-02T17:08:31 IST" duration-ms="3477" status="PASS">
          <reporter-output>
          </reporter-output>
        </test-method> <!-- launch -->
        <test-method signature="dataTest(java.lang.String,java.lang.String)[pri:0, instance:hariKrishna.DataDriven.SqlData@1a18644]" started-at="2023-06-02T17:08:31 IST" name="dataTest" data-provider="sql" finished-at="2023-06-02T17:08:53 IST" duration-ms="21796" status="PASS">
          <params>
            <param index="0">
              <value>
                <![CDATA[vunn@email.com]]>
              </value>
            </param>
            <param index="1">
              <value>
                <![CDATA[Adfbfdncv]]>
              </value>
            </param>
          </params>
          <reporter-output>
          </reporter-output>
        </test-method> <!-- dataTest -->
        <test-method is-config="true" signature="close()[pri:0, instance:hariKrishna.DataDriven.SqlData@1a18644]" started-at="2023-06-02T17:08:53 IST" name="close" finished-at="2023-06-02T17:08:53 IST" duration-ms="151" status="PASS">
          <reporter-output>
          </reporter-output>
        </test-method> <!-- close -->
        <test-method is-config="true" signature="launch()[pri:0, instance:hariKrishna.DataDriven.SqlData@1a18644]" started-at="2023-06-02T17:08:53 IST" name="launch" finished-at="2023-06-02T17:08:56 IST" duration-ms="3565" status="PASS">
          <reporter-output>
          </reporter-output>
        </test-method> <!-- launch -->
        <test-method signature="dataTest(java.lang.String,java.lang.String)[pri:0, instance:hariKrishna.DataDriven.SqlData@1a18644]" started-at="2023-06-02T17:08:56 IST" name="dataTest" data-provider="sql" finished-at="2023-06-02T17:09:18 IST" duration-ms="21478" status="PASS">
          <params>
            <param index="0">
              <value>
                <![CDATA[vhk@email.com]]>
              </value>
            </param>
            <param index="1">
              <value>
                <![CDATA[thdfgnvcb]]>
              </value>
            </param>
          </params>
          <reporter-output>
          </reporter-output>
        </test-method> <!-- dataTest -->
        <test-method is-config="true" signature="close()[pri:0, instance:hariKrishna.DataDriven.SqlData@1a18644]" started-at="2023-06-02T17:09:18 IST" name="close" finished-at="2023-06-02T17:09:18 IST" duration-ms="195" status="PASS">
          <reporter-output>
          </reporter-output>
        </test-method> <!-- close -->
        <test-method is-config="true" signature="launch()[pri:0, instance:hariKrishna.DataDriven.SqlData@1a18644]" started-at="2023-06-02T17:09:18 IST" name="launch" finished-at="2023-06-02T17:09:22 IST" duration-ms="3603" status="PASS">
          <reporter-output>
          </reporter-output>
        </test-method> <!-- launch -->
        <test-method signature="dataTest(java.lang.String,java.lang.String)[pri:0, instance:hariKrishna.DataDriven.SqlData@1a18644]" started-at="2023-06-02T17:09:22 IST" name="dataTest" data-provider="sql" finished-at="2023-06-02T17:09:43 IST" duration-ms="21838" status="PASS">
          <params>
            <param index="0">
              <value>
                <![CDATA[vunnam@email.com]]>
              </value>
            </param>
            <param index="1">
              <value>
                <![CDATA[4er3w9ofjs]]>
              </value>
            </param>
          </params>
          <reporter-output>
          </reporter-output>
        </test-method> <!-- dataTest -->
        <test-method is-config="true" signature="close()[pri:0, instance:hariKrishna.DataDriven.SqlData@1a18644]" started-at="2023-06-02T17:09:43 IST" name="close" finished-at="2023-06-02T17:09:44 IST" duration-ms="264" status="PASS">
          <reporter-output>
          </reporter-output>
        </test-method> <!-- close -->
      </class> <!-- hariKrishna.DataDriven.SqlData -->
    </test> <!-- Default test -->
  </suite> <!-- Default suite -->
</testng-results>
